<?xml version="1.0" encoding="UTF-8"?>
<!-- Generated by org.testng.reporters.JUnitXMLReporter -->
<testsuite hostname="ANVESH-PC" name="TestScripts" tests="2" failures="2" timestamp="18 Jul 2018 20:24:30 GMT" time="0.201" errors="0">
  <testcase name="verifyOrangeHRM" time="0.145" classname="TestScripts.Tc1_Login">
    <failure type="java.io.FileNotFoundException" message="D:\Eclipse\HRM_FinalFramework\src\main\java\ElementLocators\Login.properties (The system cannot find the path specified)">
      <![CDATA[java.io.FileNotFoundException: D:\Eclipse\HRM_FinalFramework\src\main\java\ElementLocators\Login.properties (The system cannot find the path specified)
	at java.io.FileInputStream.open0(Native Method)
	at java.io.FileInputStream.open(FileInputStream.java:195)
	at java.io.FileInputStream.<init>(FileInputStream.java:138)
	at java.io.FileInputStream.<init>(FileInputStream.java:93)
	at BusinessFunctions.Login.<init>(Login.java:17)
	at TestScripts.Tc1_Login.verifyOrangeHRM(Tc1_Login.java:10)
... Removed 24 stack frames]]>
    </failure>
  </testcase> <!-- verifyOrangeHRM -->
  <testcase name="AddEmployee" time="0.005" classname="TestScripts.TC2_AddEmp">
    <failure type="java.io.FileNotFoundException" message="D:\Eclipse\HRM_FinalFramework\src\main\java\ElementLocators\Login.properties (The system cannot find the path specified)">
      <![CDATA[java.io.FileNotFoundException: D:\Eclipse\HRM_FinalFramework\src\main\java\ElementLocators\Login.properties (The system cannot find the path specified)
	at java.io.FileInputStream.open0(Native Method)
	at java.io.FileInputStream.open(FileInputStream.java:195)
	at java.io.FileInputStream.<init>(FileInputStream.java:138)
	at java.io.FileInputStream.<init>(FileInputStream.java:93)
	at BusinessFunctions.Login.<init>(Login.java:17)
	at TestScripts.TC2_AddEmp.AddEmployee(TC2_AddEmp.java:10)
... Removed 24 stack frames]]>
    </failure>
  </testcase> <!-- AddEmployee -->
</testsuite> <!-- TestScripts -->
